2025-01-10T00:32:10.059Z [INFO]: Servidor corriendo en el puerto 3301
2025-01-10T00:36:17.945Z [INFO]: Servidor corriendo en el puerto 3301
2025-01-10T00:36:19.024Z [INFO]: Servidor corriendo en el puerto 3301
2025-01-10T00:36:27.668Z [INFO]: Servidor corriendo en el puerto 3301
2025-01-10T00:36:49.292Z [INFO]: Servidor corriendo en el puerto 3301
2025-01-10T00:37:26.573Z [INFO]: Servidor corriendo en el puerto 3301
2025-01-10T00:40:58.672Z [INFO]: Servidor corriendo en el puerto 3301
2025-01-10T00:41:03.822Z [INFO]: Servidor corriendo en el puerto 3301
2025-01-10T00:41:22.501Z [INFO]: Servidor corriendo en el puerto 3301
2025-01-10T00:41:38.022Z [INFO]: Servidor corriendo en el puerto 3301
2025-01-10T00:41:48.289Z [INFO]: Servidor corriendo en el puerto 3301
2025-01-10T00:41:50.474Z [INFO]: Servidor corriendo en el puerto 3301
2025-01-10T00:41:57.918Z [INFO]: Servidor corriendo en el puerto 3301
2025-01-10T00:41:59.402Z [INFO]: Servidor corriendo en el puerto 3301
2025-01-10T00:42:32.180Z [INFO]: Servidor corriendo en el puerto 3301
2025-01-10T00:42:36.607Z [INFO]: Servidor corriendo en el puerto 3301
2025-01-10T00:42:39.066Z [INFO]: Servidor corriendo en el puerto 3301
2025-01-10T00:42:40.683Z [INFO]: Servidor corriendo en el puerto 3301
2025-01-10T00:42:49.986Z [INFO]: Servidor corriendo en el puerto 3301
2025-01-10T00:43:25.468Z [INFO]: Servidor corriendo en el puerto 3301
2025-01-10T00:43:27.580Z [INFO]: Servidor corriendo en el puerto 3301
2025-01-10T00:43:53.176Z [INFO]: Servidor corriendo en el puerto 3301
2025-01-10T00:43:55.838Z [INFO]: Servidor corriendo en el puerto 3301
2025-01-10T00:45:39.396Z [INFO]: Servidor corriendo en el puerto 3301
2025-01-10T00:46:40.518Z [INFO]: Servidor corriendo en el puerto 3301
2025-01-10T00:46:57.399Z [INFO]: Servidor corriendo en el puerto 3301
2025-01-10T00:46:59.002Z [INFO]: Servidor corriendo en el puerto 3301
2025-01-10T00:47:01.994Z [INFO]: Servidor corriendo en el puerto 3301
2025-01-10T00:47:08.358Z [INFO]: Servidor corriendo en el puerto 3301
2025-01-10T00:51:00.625Z [INFO]: Servidor corriendo en el puerto 3301
2025-01-10T00:51:07.616Z [INFO]: Servidor corriendo en el puerto 3301
2025-01-10T00:51:09.563Z [INFO]: Servidor corriendo en el puerto 3301
2025-01-10T00:51:24.275Z [INFO]: Servidor corriendo en el puerto 3301
2025-01-10T00:51:26.989Z [INFO]: Servidor corriendo en el puerto 3301
2025-01-10T00:51:29.804Z [INFO]: Servidor corriendo en el puerto 3301
2025-01-10T00:55:31.902Z [INFO]: Servidor corriendo en el puerto 3301
2025-01-10T00:55:36.365Z [INFO]: Servidor corriendo en el puerto 3301
2025-01-10T00:55:41.936Z [INFO]: Servidor corriendo en el puerto 3301
2025-01-10T00:55:49.409Z [INFO]: Servidor corriendo en el puerto 3301
2025-01-10T00:57:23.371Z [INFO]: Servidor corriendo en el puerto 3301
2025-01-10T00:57:27.371Z [INFO]: Servidor corriendo en el puerto 3301
2025-01-10T00:57:30.954Z [INFO]: Servidor corriendo en el puerto 3301
2025-01-10T00:57:32.796Z [INFO]: Servidor corriendo en el puerto 3301
2025-01-10T00:57:35.159Z [INFO]: Servidor corriendo en el puerto 3301
2025-01-10T00:58:59.314Z [INFO]: Servidor corriendo en el puerto 3301
2025-01-10T00:59:20.040Z [INFO]: Servidor corriendo en el puerto 3301
2025-01-10T00:59:22.313Z [INFO]: Servidor corriendo en el puerto 3301
2025-01-10T01:02:35.911Z [INFO]: Servidor corriendo en el puerto 3301
2025-01-10T01:10:08.835Z [INFO]: Obtenida lista de usuarios.
2025-01-10T01:10:08.854Z [INFO]: Obtenida lista de usuarios.
2025-01-10T01:10:11.243Z [INFO]: Obtenida lista de usuarios.
2025-01-10T01:10:11.283Z [INFO]: Obtenida lista de usuarios.
2025-01-10T01:10:15.070Z [INFO]: Obtenida lista de usuarios.
2025-01-10T01:10:15.091Z [INFO]: Obtenida lista de usuarios.
2025-01-10T01:10:16.941Z [INFO]: Obtenida lista de usuarios.
2025-01-10T01:10:16.955Z [INFO]: Obtenida lista de usuarios.
2025-01-10T01:10:24.393Z [INFO]: Obtenida lista de usuarios.
2025-01-10T01:10:24.406Z [INFO]: Obtenida lista de usuarios.
2025-01-10T01:11:42.717Z [INFO]: Obtenida lista de usuarios.
2025-01-10T01:11:42.724Z [INFO]: Obtenida lista de usuarios.
2025-01-10T01:12:52.311Z [INFO]: Obtenida lista de usuarios.
2025-01-10T01:12:52.324Z [INFO]: Obtenida lista de usuarios.
2025-01-10T01:20:55.915Z [INFO]: Obtenida lista de usuarios.
2025-01-10T01:20:55.923Z [INFO]: Obtenida lista de usuarios.
2025-01-10T01:21:44.254Z [ERROR]: POST /usuarios - El ID de InternaClinica debe ser un número entero., El ID de FirmaElectronica debe ser un número entero.
2025-01-10T01:21:51.504Z [INFO]: Obtenida lista de usuarios.
2025-01-10T01:21:51.522Z [INFO]: Obtenida lista de usuarios.
2025-01-10T01:27:12.112Z [INFO]: Obtenido usuario con idUsuario: 1
2025-01-10T01:27:27.238Z [INFO]: Obtenida lista de usuarios.
2025-01-10T01:27:27.249Z [INFO]: Obtenida lista de usuarios.
2025-01-10T01:31:10.336Z [INFO]: Obtenida lista de usuarios.
2025-01-10T01:31:10.348Z [INFO]: Obtenida lista de usuarios.
2025-01-10T01:32:05.586Z [ERROR]: POST /usuarios - El ID de InternaClinica debe ser un número entero., El ID de FirmaElectronica debe ser un número entero.
2025-01-10T01:38:51.258Z [INFO]: Obtenida lista de usuarios.
2025-01-10T01:38:51.274Z [INFO]: Obtenida lista de usuarios.
2025-01-10T01:39:48.477Z [ERROR]: Error al crear usuario: pool is not defined
2025-01-10T01:39:48.478Z [ERROR]: POST /usuarios - pool is not defined
2025-01-10T01:40:00.002Z [INFO]: Obtenida lista de usuarios.
2025-01-10T01:40:00.029Z [INFO]: Obtenida lista de usuarios.
2025-01-10T01:41:21.461Z [ERROR]: Error al crear usuario: pool is not defined
2025-01-10T01:41:21.462Z [ERROR]: POST /usuarios - pool is not defined
2025-01-10T01:41:24.751Z [INFO]: Obtenida lista de usuarios.
2025-01-10T01:41:24.768Z [INFO]: Obtenida lista de usuarios.
2025-01-10T01:42:04.318Z [ERROR]: Error al crear usuario: pool is not defined
2025-01-10T01:42:04.320Z [ERROR]: POST /usuarios - pool is not defined
2025-01-10T01:48:22.003Z [INFO]: Obtenida lista de usuarios.
2025-01-10T01:48:22.014Z [INFO]: Obtenida lista de usuarios.
2025-01-10T01:48:43.799Z [ERROR]: Error al crear usuario: pool is not defined
2025-01-10T01:48:43.800Z [ERROR]: POST /usuarios - pool is not defined
2025-01-10T01:48:48.218Z [INFO]: Obtenida lista de usuarios.
2025-01-10T01:48:48.225Z [INFO]: Obtenida lista de usuarios.
2025-01-10T01:49:07.949Z [INFO]: Obtenida lista de usuarios.
2025-01-10T01:49:07.955Z [INFO]: Obtenida lista de usuarios.
2025-01-10T01:49:30.471Z [ERROR]: Error al crear usuario: pool is not defined
2025-01-10T01:49:30.472Z [ERROR]: POST /usuarios - pool is not defined
2025-01-10T01:54:39.484Z [INFO]: Obtenida lista de usuarios.
2025-01-10T01:54:39.502Z [INFO]: Obtenida lista de usuarios.
2025-01-10T01:55:12.882Z [ERROR]: Error al crear usuario: pool is not defined
2025-01-10T01:55:12.883Z [ERROR]: POST /usuarios - pool is not defined
2025-01-10T01:56:30.829Z [INFO]: Servidor corriendo en el puerto 3301
2025-01-10T01:57:22.380Z [INFO]: Obtenida lista de usuarios.
2025-01-10T01:57:22.390Z [INFO]: Obtenida lista de usuarios.
2025-01-10T01:57:36.118Z [ERROR]: Error al crear usuario: pool is not defined
2025-01-10T01:57:36.120Z [ERROR]: POST /usuarios - pool is not defined
2025-01-10T02:01:26.056Z [INFO]: Obtenida lista de usuarios.
2025-01-10T02:01:26.079Z [INFO]: Obtenida lista de usuarios.
2025-01-10T02:01:35.743Z [ERROR]: Error al crear usuario: pool is not defined
2025-01-10T02:01:35.744Z [ERROR]: POST /usuarios - pool is not defined
2025-01-10T02:02:21.639Z [INFO]: Obtenido usuario con idUsuario: 1
2025-01-10T02:15:36.463Z [INFO]: Servidor corriendo en el puerto 3301
2025-01-10T02:42:09.186Z [INFO]: Servidor corriendo en el puerto 3301
2025-01-10T02:54:21.638Z [ERROR]: GET /patients - Ruta no encontrada.
2025-01-10T02:54:21.654Z [ERROR]: GET /patients - Ruta no encontrada.
2025-01-10T04:16:58.889Z [INFO]: Servidor corriendo en el puerto 3301
2025-01-10T04:20:14.835Z [INFO]: Servidor corriendo en el puerto 3301
2025-01-10T04:20:39.642Z [INFO]: Obtenida lista de usuarios.
2025-01-10T04:20:39.651Z [INFO]: Obtenida lista de usuarios.
2025-01-10T04:33:32.319Z [INFO]: Obtenida lista de usuarios.
2025-01-10T04:33:32.327Z [INFO]: Obtenida lista de usuarios.
2025-01-10T04:33:33.855Z [INFO]: Obtenido usuario con idUsuario: 1
2025-01-10T04:33:34.791Z [INFO]: Obtenido usuario con idUsuario: 1
2025-01-10T04:33:35.104Z [INFO]: Obtenido usuario con idUsuario: 1
2025-01-10T04:33:35.458Z [INFO]: Obtenido usuario con idUsuario: 2
2025-01-10T04:33:35.868Z [INFO]: Obtenido usuario con idUsuario: 3
2025-01-10T04:33:36.891Z [INFO]: Obtenido usuario con idUsuario: 5
2025-01-10T04:33:45.783Z [ERROR]: GET /patients - Ruta no encontrada.
2025-01-10T04:33:45.790Z [ERROR]: GET /patients - Ruta no encontrada.
2025-01-10T04:33:48.366Z [INFO]: Obtenida lista de usuarios.
2025-01-10T04:33:48.374Z [INFO]: Obtenida lista de usuarios.
2025-01-10T04:33:50.244Z [INFO]: Obtenido usuario con idUsuario: 2
2025-01-10T04:34:17.330Z [INFO]: Obtenido usuario con idUsuario: 1
2025-01-10T04:34:25.271Z [ERROR]: GET /patients - Ruta no encontrada.
2025-01-10T04:34:25.276Z [ERROR]: GET /patients - Ruta no encontrada.
2025-01-10T05:20:52.683Z [INFO]: Obtenida lista de usuarios.
2025-01-10T05:20:52.689Z [INFO]: Obtenida lista de usuarios.
2025-01-10T05:20:55.018Z [ERROR]: GET /patients - Ruta no encontrada.
2025-01-10T05:20:55.022Z [ERROR]: GET /patients - Ruta no encontrada.
2025-01-10T05:20:58.021Z [INFO]: Obtenida lista de usuarios.
2025-01-10T05:20:58.032Z [INFO]: Obtenida lista de usuarios.
2025-01-10T05:47:17.567Z [ERROR]: GET /patients - Ruta no encontrada.
2025-01-10T05:47:17.575Z [ERROR]: GET /patients - Ruta no encontrada.
2025-01-10T05:49:28.473Z [ERROR]: GET /patients - Ruta no encontrada.
2025-01-10T05:49:28.478Z [ERROR]: GET /patients - Ruta no encontrada.
2025-01-10T05:50:53.732Z [INFO]: Obtenida lista de usuarios.
2025-01-10T05:50:53.741Z [INFO]: Obtenida lista de usuarios.
2025-01-10T05:50:55.553Z [INFO]: Obtenida lista de usuarios.
2025-01-10T05:50:55.565Z [INFO]: Obtenida lista de usuarios.
2025-01-10T18:04:38.436Z [INFO]: Servidor corriendo en el puerto 3301
2025-01-10T18:05:59.404Z [ERROR]: GET /patients - Ruta no encontrada.
2025-01-10T18:05:59.408Z [ERROR]: GET /patients - Ruta no encontrada.
2025-01-10T18:41:03.090Z [INFO]: Servidor corriendo en el puerto 3301
2025-01-10T18:42:17.017Z [INFO]: Servidor corriendo en el puerto 3301
2025-01-10T18:42:37.583Z [ERROR]: GET /patients - Ruta no encontrada.
2025-01-10T18:42:37.589Z [ERROR]: GET /patients - Ruta no encontrada.
2025-01-11T04:43:27.163Z [INFO]: Servidor corriendo en el puerto 3301
2025-01-11T04:44:25.385Z [INFO]: Servidor corriendo en el puerto 3301
2025-01-11T04:44:28.283Z [INFO]: Servidor corriendo en el puerto 3301
2025-01-11T04:44:31.819Z [INFO]: Servidor corriendo en el puerto 3301
2025-01-11T04:44:36.242Z [INFO]: Servidor corriendo en el puerto 3301
2025-01-11T05:04:08.072Z [INFO]: Servidor corriendo en el puerto 3301
2025-01-11T05:11:08.424Z [INFO]: Servidor corriendo en el puerto 3301
2025-01-11T05:11:26.964Z [INFO]: Servidor corriendo en el puerto 3301
2025-01-11T05:11:36.492Z [INFO]: Servidor corriendo en el puerto 3301
2025-01-11T05:11:38.608Z [INFO]: Servidor corriendo en el puerto 3301
2025-01-11T05:12:08.412Z [INFO]: Servidor corriendo en el puerto 3301
2025-01-11T05:12:11.866Z [INFO]: Servidor corriendo en el puerto 3301
2025-01-11T05:12:17.597Z [INFO]: Servidor corriendo en el puerto 3301
2025-01-11T05:20:26.768Z [ERROR]: GET /auth/login - Ruta no encontrada.
2025-01-11T05:21:20.224Z [ERROR]: GET /auth/login - Ruta no encontrada.
2025-01-11T05:22:07.416Z [ERROR]: GET /auth/login - Ruta no encontrada.
2025-01-11T05:24:36.093Z [INFO]: Servidor corriendo en el puerto 3301
2025-01-11T05:24:59.764Z [INFO]: Servidor corriendo en el puerto 3301
2025-01-11T05:25:05.439Z [INFO]: Servidor corriendo en el puerto 3301
2025-01-11T05:25:13.267Z [INFO]: Servidor corriendo en el puerto 3301
2025-01-11T05:25:28.014Z [INFO]: Servidor corriendo en el puerto 3301
2025-01-11T05:25:34.119Z [INFO]: Servidor corriendo en el puerto 3301
2025-01-11T05:25:38.020Z [INFO]: Servidor corriendo en el puerto 3301
2025-01-11T05:25:41.392Z [INFO]: Servidor corriendo en el puerto 3301
2025-01-11T05:25:44.146Z [INFO]: Servidor corriendo en el puerto 3301
2025-01-11T05:25:52.610Z [INFO]: Servidor corriendo en el puerto 3301
2025-01-11T05:25:54.184Z [INFO]: Servidor corriendo en el puerto 3301
2025-01-11T05:25:56.365Z [INFO]: Servidor corriendo en el puerto 3301
2025-01-11T05:25:59.118Z [INFO]: Servidor corriendo en el puerto 3301
2025-01-11T05:26:00.321Z [INFO]: Servidor corriendo en el puerto 3301
2025-01-11T05:26:01.267Z [INFO]: Servidor corriendo en el puerto 3301
2025-01-11T05:26:02.752Z [INFO]: Servidor corriendo en el puerto 3301
2025-01-11T05:26:04.644Z [INFO]: Servidor corriendo en el puerto 3301
2025-01-11T05:26:06.178Z [INFO]: Servidor corriendo en el puerto 3301
2025-01-11T05:26:08.233Z [INFO]: Servidor corriendo en el puerto 3301
2025-01-11T05:26:13.644Z [INFO]: Servidor corriendo en el puerto 3301
2025-01-11T05:26:17.131Z [INFO]: Servidor corriendo en el puerto 3301
2025-01-11T05:26:23.528Z [INFO]: Servidor corriendo en el puerto 3301
2025-01-11T05:26:24.922Z [INFO]: Servidor corriendo en el puerto 3301
2025-01-11T05:26:29.007Z [INFO]: Servidor corriendo en el puerto 3301
2025-01-11T05:26:30.716Z [INFO]: Servidor corriendo en el puerto 3301
2025-01-11T05:26:37.444Z [INFO]: Servidor corriendo en el puerto 3301
2025-01-11T05:27:27.651Z [INFO]: Servidor corriendo en el puerto 3301
2025-01-11T05:27:35.327Z [INFO]: Servidor corriendo en el puerto 3301
2025-01-11T05:27:56.508Z [INFO]: Servidor corriendo en el puerto 3301
2025-01-11T05:28:17.436Z [INFO]: Servidor corriendo en el puerto 3301
2025-01-11T05:28:21.320Z [INFO]: Servidor corriendo en el puerto 3301
2025-01-11T05:28:25.546Z [INFO]: Servidor corriendo en el puerto 3301
2025-01-11T05:28:31.604Z [INFO]: Servidor corriendo en el puerto 3301
2025-01-11T05:28:35.997Z [INFO]: Servidor corriendo en el puerto 3301
2025-01-11T05:30:54.397Z [INFO]: Servidor corriendo en el puerto 3301
2025-01-11T05:30:58.781Z [INFO]: Servidor corriendo en el puerto 3301
2025-01-11T05:31:11.192Z [INFO]: Servidor corriendo en el puerto 3301
2025-01-11T05:31:12.436Z [INFO]: Servidor corriendo en el puerto 3301
2025-01-11T05:32:33.465Z [INFO]: Servidor corriendo en el puerto 3301
2025-01-11T05:32:53.653Z [INFO]: Servidor corriendo en el puerto 3301
2025-01-11T05:33:22.109Z [INFO]: Servidor corriendo en el puerto 3301
2025-01-11T05:33:24.612Z [INFO]: Servidor corriendo en el puerto 3301
2025-01-11T05:33:35.926Z [INFO]: Servidor corriendo en el puerto 3301
2025-01-11T05:33:41.533Z [INFO]: Servidor corriendo en el puerto 3301
2025-01-11T05:33:43.222Z [INFO]: Servidor corriendo en el puerto 3301
2025-01-11T05:33:58.941Z [INFO]: Servidor corriendo en el puerto 3301
2025-01-11T05:34:00.598Z [INFO]: Servidor corriendo en el puerto 3301
2025-01-11T05:34:02.320Z [INFO]: Servidor corriendo en el puerto 3301
2025-01-11T05:34:05.925Z [INFO]: Servidor corriendo en el puerto 3301
2025-01-11T05:34:08.521Z [INFO]: Servidor corriendo en el puerto 3301
2025-01-11T05:34:10.450Z [INFO]: Servidor corriendo en el puerto 3301
2025-01-11T05:34:13.346Z [INFO]: Servidor corriendo en el puerto 3301
2025-01-11T05:34:14.934Z [INFO]: Servidor corriendo en el puerto 3301
2025-01-11T05:34:16.114Z [INFO]: Servidor corriendo en el puerto 3301
2025-01-11T05:34:17.929Z [INFO]: Servidor corriendo en el puerto 3301
2025-01-11T05:34:19.830Z [INFO]: Servidor corriendo en el puerto 3301
2025-01-11T05:34:21.477Z [INFO]: Servidor corriendo en el puerto 3301
2025-01-11T05:34:35.167Z [INFO]: Servidor corriendo en el puerto 3301
2025-01-11T05:34:38.095Z [INFO]: Servidor corriendo en el puerto 3301
2025-01-11T05:34:56.813Z [INFO]: Servidor corriendo en el puerto 3301
2025-01-11T05:35:12.446Z [INFO]: Servidor corriendo en el puerto 3301
2025-01-11T05:35:30.487Z [INFO]: Servidor corriendo en el puerto 3301
2025-01-11T05:37:53.564Z [INFO]: Servidor corriendo en el puerto 3301
2025-01-11T05:38:01.469Z [INFO]: Servidor corriendo en el puerto 3301
2025-01-11T05:39:51.085Z [INFO]: Servidor corriendo en el puerto 3301
2025-01-11T05:40:11.891Z [INFO]: Servidor corriendo en el puerto 3301
2025-01-11T05:41:45.066Z [INFO]: Servidor corriendo en el puerto 3301
2025-01-11T05:42:26.730Z [ERROR]: Error al obtener lista completa de usuarios: Unknown column 'direccion' in 'field list'
2025-01-11T05:42:26.732Z [ERROR]: GET /user/ - Error al obtener lista completa de usuarios
2025-01-11T05:42:54.707Z [INFO]: Servidor corriendo en el puerto 3301
2025-01-11T05:42:57.082Z [INFO]: Servidor corriendo en el puerto 3301
2025-01-11T05:42:58.812Z [INFO]: Servidor corriendo en el puerto 3301
2025-01-11T05:47:27.293Z [INFO]: Servidor corriendo en el puerto 3301
2025-01-11T05:47:33.531Z [INFO]: Servidor corriendo en el puerto 3301
2025-01-11T05:47:35.207Z [INFO]: Servidor corriendo en el puerto 3301
2025-01-11T05:47:37.620Z [INFO]: Servidor corriendo en el puerto 3301
2025-01-11T05:47:39.990Z [INFO]: Servidor corriendo en el puerto 3301
2025-01-11T05:47:42.055Z [INFO]: Servidor corriendo en el puerto 3301
2025-01-11T05:47:43.577Z [INFO]: Servidor corriendo en el puerto 3301
2025-01-11T05:47:45.807Z [INFO]: Servidor corriendo en el puerto 3301
2025-01-11T05:48:15.908Z [ERROR]: Error al obtener lista completa de usuarios: Unknown column 'direccion' in 'field list'
2025-01-11T05:48:15.909Z [ERROR]: GET /user/ - Error al obtener lista completa de usuarios
2025-01-11T05:49:10.244Z [ERROR]: GET /usuarios - Ruta no encontrada.
2025-01-11T05:49:10.249Z [ERROR]: GET /usuarios - Ruta no encontrada.
2025-01-11T05:49:33.583Z [ERROR]: GET /auth/login - Ruta no encontrada.
2025-01-11T05:51:05.327Z [ERROR]: Error al obtener lista completa de usuarios: Unknown column 'direccion' in 'field list'
2025-01-11T05:51:05.328Z [ERROR]: GET /user/ - Error al obtener lista completa de usuarios
2025-01-11T05:51:32.147Z [ERROR]: Error al obtener lista completa de usuarios: Unknown column 'direccion' in 'field list'
2025-01-11T05:51:32.148Z [ERROR]: GET /user/ - Error al obtener lista completa de usuarios
2025-01-11T05:53:18.707Z [INFO]: Servidor corriendo en el puerto 3301
2025-01-11T05:53:27.440Z [INFO]: Servidor corriendo en el puerto 3301
2025-01-11T05:53:28.733Z [INFO]: Servidor corriendo en el puerto 3301
2025-01-11T05:53:32.332Z [INFO]: Servidor corriendo en el puerto 3301
2025-01-11T05:53:33.697Z [INFO]: Servidor corriendo en el puerto 3301
2025-01-11T05:53:45.500Z [INFO]: Servidor corriendo en el puerto 3301
2025-01-11T05:53:53.420Z [INFO]: Servidor corriendo en el puerto 3301
2025-01-11T05:54:01.774Z [INFO]: Servidor corriendo en el puerto 3301
2025-01-11T05:55:13.252Z [INFO]: Servidor corriendo en el puerto 3301
2025-01-11T05:55:26.004Z [INFO]: Servidor corriendo en el puerto 3301
2025-01-11T05:55:27.094Z [INFO]: Servidor corriendo en el puerto 3301
2025-01-11T05:55:37.944Z [INFO]: Servidor corriendo en el puerto 3301
2025-01-11T05:55:55.417Z [INFO]: Servidor corriendo en el puerto 3301
2025-01-11T05:55:58.669Z [INFO]: Servidor corriendo en el puerto 3301
2025-01-11T05:56:23.355Z [INFO]: Servidor corriendo en el puerto 3301
2025-01-11T06:10:25.807Z [INFO]: Servidor corriendo en el puerto 3301
2025-01-11T06:12:14.335Z [INFO]: Servidor corriendo en el puerto 3301
2025-01-11T06:15:47.728Z [INFO]: Servidor corriendo en el puerto 3301
2025-01-11T06:16:46.551Z [INFO]: Servidor corriendo en el puerto 3301
2025-01-11T06:16:50.213Z [INFO]: Servidor corriendo en el puerto 3301
2025-01-11T06:16:59.206Z [INFO]: Servidor corriendo en el puerto 3301
2025-01-11T06:17:01.676Z [INFO]: Servidor corriendo en el puerto 3301
2025-01-11T06:17:03.321Z [INFO]: Servidor corriendo en el puerto 3301
2025-01-11T06:17:06.421Z [INFO]: Servidor corriendo en el puerto 3301
2025-01-11T06:17:07.815Z [INFO]: Servidor corriendo en el puerto 3301
2025-01-11T06:17:27.977Z [INFO]: Servidor corriendo en el puerto 3301
2025-01-11T06:17:35.991Z [INFO]: Servidor corriendo en el puerto 3301
2025-01-11T06:17:37.465Z [INFO]: Servidor corriendo en el puerto 3301
2025-01-11T06:17:41.125Z [INFO]: Servidor corriendo en el puerto 3301
2025-01-11T06:17:43.122Z [INFO]: Servidor corriendo en el puerto 3301
2025-01-11T06:17:49.959Z [INFO]: Servidor corriendo en el puerto 3301
2025-01-11T06:17:53.392Z [INFO]: Servidor corriendo en el puerto 3301
2025-01-11T06:17:54.532Z [INFO]: Servidor corriendo en el puerto 3301
2025-01-11T06:17:58.659Z [INFO]: Servidor corriendo en el puerto 3301
2025-01-11T06:18:46.447Z [INFO]: Servidor corriendo en el puerto 3301
2025-01-11T06:18:50.250Z [INFO]: Servidor corriendo en el puerto 3301
2025-01-11T06:19:16.370Z [INFO]: Servidor corriendo en el puerto 3301
2025-01-11T06:19:19.775Z [INFO]: Servidor corriendo en el puerto 3301
2025-01-11T06:19:21.626Z [INFO]: Servidor corriendo en el puerto 3301
2025-01-11T06:19:52.655Z [INFO]: Servidor corriendo en el puerto 3301
2025-01-11T06:19:57.257Z [INFO]: Servidor corriendo en el puerto 3301
2025-01-11T06:20:03.226Z [INFO]: Servidor corriendo en el puerto 3301
2025-01-11T06:20:05.520Z [INFO]: Servidor corriendo en el puerto 3301
2025-01-11T06:20:11.874Z [INFO]: Servidor corriendo en el puerto 3301
2025-01-11T06:20:15.479Z [INFO]: Servidor corriendo en el puerto 3301
2025-01-11T06:20:41.028Z [INFO]: Servidor corriendo en el puerto 3301
2025-01-11T06:20:43.920Z [INFO]: Servidor corriendo en el puerto 3301
2025-01-11T06:20:50.606Z [INFO]: Servidor corriendo en el puerto 3301
2025-01-11T06:20:57.451Z [INFO]: Servidor corriendo en el puerto 3301
2025-01-11T06:21:19.043Z [INFO]: Servidor corriendo en el puerto 3301
2025-01-11T06:21:23.135Z [INFO]: Servidor corriendo en el puerto 3301
2025-01-11T06:21:40.529Z [INFO]: Servidor corriendo en el puerto 3301
2025-01-11T06:21:52.179Z [INFO]: Servidor corriendo en el puerto 3301
2025-01-11T06:22:23.557Z [INFO]: Servidor corriendo en el puerto 3301
2025-01-11T06:22:31.778Z [INFO]: Servidor corriendo en el puerto 3301
2025-01-11T06:22:33.984Z [INFO]: Servidor corriendo en el puerto 3301
2025-01-11T06:22:46.248Z [INFO]: Servidor corriendo en el puerto 3301
2025-01-11T06:22:54.080Z [INFO]: Servidor corriendo en el puerto 3301
2025-01-11T06:23:18.982Z [INFO]: Servidor corriendo en el puerto 3301
2025-01-11T06:23:21.596Z [INFO]: Servidor corriendo en el puerto 3301
2025-01-11T06:24:15.982Z [INFO]: Servidor corriendo en el puerto 3301
2025-01-11T06:24:18.287Z [INFO]: Servidor corriendo en el puerto 3301
2025-01-11T06:35:39.722Z [INFO]: Servidor corriendo en el puerto 3301
2025-01-11T06:35:43.559Z [INFO]: Servidor corriendo en el puerto 3301
2025-01-11T06:35:45.745Z [INFO]: Servidor corriendo en el puerto 3301
2025-01-11T06:35:48.566Z [INFO]: Servidor corriendo en el puerto 3301
2025-01-11T06:35:50.748Z [INFO]: Servidor corriendo en el puerto 3301
2025-01-11T06:35:52.155Z [INFO]: Servidor corriendo en el puerto 3301
2025-01-11T06:35:54.946Z [INFO]: Servidor corriendo en el puerto 3301
2025-01-11T06:35:57.754Z [INFO]: Servidor corriendo en el puerto 3301
2025-01-11T06:36:01.585Z [INFO]: Servidor corriendo en el puerto 3301
2025-01-11T06:36:02.477Z [INFO]: Servidor corriendo en el puerto 3301
2025-01-11T06:36:11.147Z [INFO]: Servidor corriendo en el puerto 3301
2025-01-11T06:36:15.815Z [INFO]: Servidor corriendo en el puerto 3301
2025-01-11T06:36:21.370Z [INFO]: Servidor corriendo en el puerto 3301
2025-01-11T06:36:24.023Z [INFO]: Servidor corriendo en el puerto 3301
2025-01-11T06:38:19.568Z [INFO]: Servidor corriendo en el puerto 3301
2025-01-11T06:38:34.856Z [INFO]: Servidor corriendo en el puerto 3301
2025-01-11T06:38:36.862Z [INFO]: Servidor corriendo en el puerto 3301
2025-01-11T06:38:38.672Z [INFO]: Servidor corriendo en el puerto 3301
2025-01-11T06:38:44.777Z [INFO]: Servidor corriendo en el puerto 3301
2025-01-11T06:39:14.613Z [INFO]: Servidor corriendo en el puerto 3301
2025-01-11T06:39:24.899Z [INFO]: Servidor corriendo en el puerto 3301
2025-01-11T06:39:27.079Z [INFO]: Servidor corriendo en el puerto 3301
2025-01-11T06:39:29.097Z [INFO]: Servidor corriendo en el puerto 3301
2025-01-11T06:39:36.294Z [INFO]: Servidor corriendo en el puerto 3301
2025-01-11T06:39:39.412Z [INFO]: Servidor corriendo en el puerto 3301
2025-01-11T06:39:42.816Z [INFO]: Servidor corriendo en el puerto 3301
2025-01-11T06:39:44.421Z [INFO]: Servidor corriendo en el puerto 3301
2025-01-11T06:39:49.875Z [INFO]: Servidor corriendo en el puerto 3301
2025-01-11T06:39:55.990Z [INFO]: Servidor corriendo en el puerto 3301
2025-01-11T06:39:57.257Z [INFO]: Servidor corriendo en el puerto 3301
2025-01-11T06:40:02.107Z [INFO]: Servidor corriendo en el puerto 3301
2025-01-11T06:40:04.938Z [INFO]: Servidor corriendo en el puerto 3301
2025-01-11T06:40:09.690Z [INFO]: Servidor corriendo en el puerto 3301
2025-01-11T06:40:18.862Z [INFO]: Servidor corriendo en el puerto 3301
2025-01-11T06:40:20.673Z [INFO]: Servidor corriendo en el puerto 3301
2025-01-11T06:40:28.111Z [INFO]: Servidor corriendo en el puerto 3301
2025-01-11T06:40:29.653Z [INFO]: Servidor corriendo en el puerto 3301
2025-01-11T06:40:35.604Z [INFO]: Servidor corriendo en el puerto 3301
2025-01-11T06:40:38.969Z [INFO]: Servidor corriendo en el puerto 3301
2025-01-11T06:40:41.348Z [INFO]: Servidor corriendo en el puerto 3301
2025-01-11T06:40:46.775Z [INFO]: Servidor corriendo en el puerto 3301
2025-01-11T06:40:48.907Z [INFO]: Servidor corriendo en el puerto 3301
2025-01-11T06:40:51.332Z [INFO]: Servidor corriendo en el puerto 3301
2025-01-11T06:40:53.125Z [INFO]: Servidor corriendo en el puerto 3301
2025-01-11T06:40:55.017Z [INFO]: Servidor corriendo en el puerto 3301
2025-01-11T06:41:52.057Z [INFO]: Servidor corriendo en el puerto 3301
2025-01-11T06:41:53.075Z [INFO]: Servidor corriendo en el puerto 3301
2025-01-11T06:41:54.344Z [INFO]: Servidor corriendo en el puerto 3301
2025-01-11T06:41:56.753Z [INFO]: Servidor corriendo en el puerto 3301
2025-01-11T06:41:59.257Z [INFO]: Servidor corriendo en el puerto 3301
2025-01-11T06:42:01.359Z [INFO]: Servidor corriendo en el puerto 3301
2025-01-11T06:42:02.985Z [INFO]: Servidor corriendo en el puerto 3301
2025-01-11T06:42:04.486Z [INFO]: Servidor corriendo en el puerto 3301
2025-01-11T06:42:37.215Z [INFO]: Servidor corriendo en el puerto 3301
2025-01-11T06:42:43.794Z [INFO]: Servidor corriendo en el puerto 3301
2025-01-11T06:42:48.612Z [INFO]: Servidor corriendo en el puerto 3301
2025-01-11T06:42:54.869Z [INFO]: Servidor corriendo en el puerto 3301
2025-01-11T06:42:57.819Z [INFO]: Servidor corriendo en el puerto 3301
2025-01-11T06:42:59.128Z [INFO]: Servidor corriendo en el puerto 3301
2025-01-11T06:43:46.288Z [INFO]: Servidor corriendo en el puerto 3301
2025-01-11T06:43:47.739Z [INFO]: Servidor corriendo en el puerto 3301
2025-01-11T06:43:55.831Z [INFO]: Servidor corriendo en el puerto 3301
2025-01-11T06:43:57.003Z [INFO]: Servidor corriendo en el puerto 3301
2025-01-11T06:43:58.347Z [INFO]: Servidor corriendo en el puerto 3301
2025-01-11T06:44:00.358Z [INFO]: Servidor corriendo en el puerto 3301
2025-01-11T06:44:02.088Z [INFO]: Servidor corriendo en el puerto 3301
2025-01-11T06:44:03.207Z [INFO]: Servidor corriendo en el puerto 3301
2025-01-11T06:45:21.525Z [INFO]: Servidor corriendo en el puerto 3301
2025-01-11T06:45:46.770Z [INFO]: Servidor corriendo en el puerto 3301
2025-01-11T06:46:09.993Z [INFO]: Servidor corriendo en el puerto 3301
2025-01-11T06:46:57.067Z [INFO]: Servidor corriendo en el puerto 3301
2025-01-11T06:47:00.080Z [INFO]: Servidor corriendo en el puerto 3301
2025-01-11T06:47:04.267Z [INFO]: Servidor corriendo en el puerto 3301
2025-01-11T06:47:06.777Z [INFO]: Servidor corriendo en el puerto 3301
2025-01-11T06:47:07.868Z [INFO]: Servidor corriendo en el puerto 3301
2025-01-11T06:48:48.661Z [INFO]: Servidor corriendo en el puerto 3301
2025-01-11T06:49:35.088Z [INFO]: Servidor corriendo en el puerto 3301
2025-01-11T06:49:42.508Z [INFO]: Servidor corriendo en el puerto 3301
2025-01-11T06:49:46.207Z [INFO]: Servidor corriendo en el puerto 3301
2025-01-11T06:49:48.127Z [INFO]: Servidor corriendo en el puerto 3301
2025-01-11T06:52:36.547Z [INFO]: Servidor corriendo en el puerto 3301
2025-01-11T06:52:43.243Z [INFO]: Servidor corriendo en el puerto 3301
2025-01-11T06:53:34.590Z [INFO]: Servidor corriendo en el puerto 3301
2025-01-11T06:54:21.867Z [INFO]: Servidor corriendo en el puerto 3301
2025-01-11T06:55:18.644Z [INFO]: Servidor corriendo en el puerto 3301
2025-01-11T07:02:28.854Z [ERROR]: Error al crear usuario: Bind parameters must not contain undefined. To pass SQL NULL specify JS null
2025-01-11T07:02:28.855Z [ERROR]: POST /user/ - Bind parameters must not contain undefined. To pass SQL NULL specify JS null
2025-01-11T07:03:12.005Z [INFO]: Servidor corriendo en el puerto 3301
2025-01-11T07:03:30.521Z [INFO]: Servidor corriendo en el puerto 3301
2025-01-11T07:03:33.033Z [INFO]: Servidor corriendo en el puerto 3301
2025-01-11T07:03:43.672Z [INFO]: Servidor corriendo en el puerto 3301
2025-01-11T07:03:51.502Z [INFO]: Servidor corriendo en el puerto 3301
2025-01-11T07:03:58.365Z [INFO]: Servidor corriendo en el puerto 3301
2025-01-11T07:04:04.058Z [INFO]: Servidor corriendo en el puerto 3301
2025-01-11T07:04:08.858Z [INFO]: Servidor corriendo en el puerto 3301
2025-01-11T07:04:11.209Z [INFO]: Servidor corriendo en el puerto 3301
2025-01-11T07:04:49.278Z [INFO]: Servidor corriendo en el puerto 3301
2025-01-11T07:04:52.272Z [INFO]: Servidor corriendo en el puerto 3301
2025-01-11T07:04:54.136Z [INFO]: Servidor corriendo en el puerto 3301
2025-01-11T07:05:23.067Z [INFO]: Servidor corriendo en el puerto 3301
2025-01-11T07:05:24.100Z [INFO]: Servidor corriendo en el puerto 3301
2025-01-11T07:05:57.252Z [INFO]: Servidor corriendo en el puerto 3301
2025-01-11T07:06:05.399Z [INFO]: Servidor corriendo en el puerto 3301
2025-01-11T07:06:06.355Z [INFO]: Servidor corriendo en el puerto 3301
2025-01-11T07:06:08.678Z [INFO]: Servidor corriendo en el puerto 3301
2025-01-11T07:06:17.164Z [INFO]: Servidor corriendo en el puerto 3301
2025-01-11T07:06:19.783Z [INFO]: Servidor corriendo en el puerto 3301
2025-01-11T07:06:25.220Z [INFO]: Servidor corriendo en el puerto 3301
2025-01-11T07:07:02.042Z [INFO]: Servidor corriendo en el puerto 3301
2025-01-11T07:07:04.643Z [INFO]: Servidor corriendo en el puerto 3301
2025-01-11T07:07:11.021Z [INFO]: Servidor corriendo en el puerto 3301
2025-01-11T07:08:05.689Z [INFO]: Servidor corriendo en el puerto 3301
2025-01-11T07:08:46.190Z [INFO]: Servidor corriendo en el puerto 3301
2025-01-11T07:09:00.182Z [INFO]: Servidor corriendo en el puerto 3301
2025-01-11T07:09:05.514Z [INFO]: Servidor corriendo en el puerto 3301
2025-01-11T07:09:07.249Z [INFO]: Servidor corriendo en el puerto 3301
2025-01-11T07:09:08.494Z [INFO]: Servidor corriendo en el puerto 3301
2025-01-11T07:09:09.829Z [INFO]: Servidor corriendo en el puerto 3301
2025-01-11T07:09:12.164Z [INFO]: Servidor corriendo en el puerto 3301
2025-01-11T07:09:29.737Z [INFO]: Servidor corriendo en el puerto 3301
2025-01-11T07:09:51.194Z [INFO]: Servidor corriendo en el puerto 3301
2025-01-11T07:09:53.169Z [INFO]: Servidor corriendo en el puerto 3301
2025-01-11T07:09:55.039Z [INFO]: Servidor corriendo en el puerto 3301
2025-01-11T07:09:59.328Z [INFO]: Servidor corriendo en el puerto 3301
2025-01-11T07:10:02.342Z [INFO]: Servidor corriendo en el puerto 3301
2025-01-11T07:10:05.320Z [INFO]: Servidor corriendo en el puerto 3301
2025-01-11T07:10:09.400Z [INFO]: Servidor corriendo en el puerto 3301
2025-01-11T07:10:13.412Z [INFO]: Servidor corriendo en el puerto 3301
2025-01-11T07:10:15.846Z [INFO]: Servidor corriendo en el puerto 3301
2025-01-11T07:10:18.260Z [INFO]: Servidor corriendo en el puerto 3301
2025-01-11T07:10:21.119Z [INFO]: Servidor corriendo en el puerto 3301
2025-01-11T07:10:24.981Z [INFO]: Servidor corriendo en el puerto 3301
2025-01-11T07:10:26.823Z [INFO]: Servidor corriendo en el puerto 3301
2025-01-11T07:10:28.480Z [INFO]: Servidor corriendo en el puerto 3301
2025-01-11T07:10:32.423Z [INFO]: Servidor corriendo en el puerto 3301
2025-01-11T07:10:34.282Z [INFO]: Servidor corriendo en el puerto 3301
2025-01-11T07:10:51.527Z [INFO]: Servidor corriendo en el puerto 3301
2025-01-11T07:10:55.584Z [INFO]: Servidor corriendo en el puerto 3301
2025-01-11T07:10:57.343Z [INFO]: Servidor corriendo en el puerto 3301
2025-01-11T07:11:05.782Z [INFO]: Servidor corriendo en el puerto 3301
2025-01-11T07:11:18.563Z [INFO]: Servidor corriendo en el puerto 3301
2025-01-11T07:11:20.921Z [INFO]: Servidor corriendo en el puerto 3301
2025-01-11T07:11:32.992Z [INFO]: Servidor corriendo en el puerto 3301
2025-01-11T07:11:44.452Z [INFO]: Servidor corriendo en el puerto 3301
2025-01-11T07:11:59.034Z [INFO]: Servidor corriendo en el puerto 3301
2025-01-11T07:12:07.861Z [INFO]: Servidor corriendo en el puerto 3301
2025-01-11T07:12:21.158Z [INFO]: Servidor corriendo en el puerto 3301
2025-01-11T07:12:24.076Z [INFO]: Servidor corriendo en el puerto 3301
2025-01-11T07:13:13.178Z [INFO]: Servidor corriendo en el puerto 3301
2025-01-11T07:13:18.103Z [INFO]: Servidor corriendo en el puerto 3301
2025-01-11T07:13:38.194Z [INFO]: Servidor corriendo en el puerto 3301
2025-01-11T07:13:42.542Z [INFO]: Servidor corriendo en el puerto 3301
2025-01-11T07:13:45.758Z [INFO]: Servidor corriendo en el puerto 3301
2025-01-11T07:13:47.018Z [INFO]: Servidor corriendo en el puerto 3301
2025-01-11T07:13:51.427Z [INFO]: Servidor corriendo en el puerto 3301
2025-01-11T07:14:12.253Z [INFO]: Servidor corriendo en el puerto 3301
2025-01-11T07:14:14.873Z [INFO]: Servidor corriendo en el puerto 3301
2025-01-11T07:14:23.069Z [INFO]: Servidor corriendo en el puerto 3301
2025-01-11T07:14:24.624Z [INFO]: Servidor corriendo en el puerto 3301
2025-01-11T07:14:26.302Z [INFO]: Servidor corriendo en el puerto 3301
2025-01-11T07:14:28.473Z [INFO]: Servidor corriendo en el puerto 3301
2025-01-11T07:14:30.410Z [INFO]: Servidor corriendo en el puerto 3301
2025-01-11T07:14:31.705Z [INFO]: Servidor corriendo en el puerto 3301
2025-01-11T07:14:34.955Z [INFO]: Servidor corriendo en el puerto 3301
2025-01-11T07:14:42.279Z [INFO]: Servidor corriendo en el puerto 3301
2025-01-11T07:14:46.010Z [INFO]: Servidor corriendo en el puerto 3301
2025-01-11T07:14:48.162Z [INFO]: Servidor corriendo en el puerto 3301
2025-01-11T07:14:51.671Z [INFO]: Servidor corriendo en el puerto 3301
2025-01-11T07:16:30.587Z [INFO]: Servidor corriendo en el puerto 3301
2025-01-11T07:16:53.559Z [ERROR]: Error al crear usuario: Incorrect arguments to mysqld_stmt_execute
2025-01-11T07:16:53.559Z [ERROR]: POST /user/ - Incorrect arguments to mysqld_stmt_execute
2025-01-11T07:25:03.621Z [ERROR]: Error al crear usuario: Incorrect arguments to mysqld_stmt_execute
2025-01-11T07:25:03.621Z [ERROR]: POST /user/ - Incorrect arguments to mysqld_stmt_execute
2025-01-11T07:27:42.741Z [INFO]: Servidor corriendo en el puerto 3301
2025-01-11T07:27:59.553Z [INFO]: Servidor corriendo en el puerto 3301
2025-01-11T07:28:00.656Z [INFO]: Servidor corriendo en el puerto 3301
2025-01-11T07:28:02.493Z [INFO]: Servidor corriendo en el puerto 3301
2025-01-11T07:28:18.794Z [INFO]: Servidor corriendo en el puerto 3301
2025-01-11T07:28:25.547Z [INFO]: Servidor corriendo en el puerto 3301
2025-01-11T07:28:26.811Z [INFO]: Servidor corriendo en el puerto 3301
2025-01-11T07:28:32.881Z [INFO]: Servidor corriendo en el puerto 3301
2025-01-11T07:28:35.189Z [INFO]: Servidor corriendo en el puerto 3301
2025-01-11T07:28:37.318Z [INFO]: Servidor corriendo en el puerto 3301
2025-01-11T07:28:39.688Z [INFO]: Servidor corriendo en el puerto 3301
2025-01-11T07:28:45.259Z [INFO]: Servidor corriendo en el puerto 3301
2025-01-11T07:28:51.962Z [INFO]: Servidor corriendo en el puerto 3301
2025-01-11T07:29:54.777Z [INFO]: Creado nuevo usuario con idUsuario: 9
2025-01-11T07:39:52.470Z [ERROR]: Error al crear usuario: Duplicate entry '1150262101' for key 'usuario.identificacion_UNIQUE'
2025-01-11T07:39:52.471Z [ERROR]: POST /user/ - Duplicate entry '1150262101' for key 'usuario.identificacion_UNIQUE'
2025-01-11T07:39:55.216Z [ERROR]: Error al crear usuario: Duplicate entry '1150262101' for key 'usuario.identificacion_UNIQUE'
2025-01-11T07:39:55.217Z [ERROR]: POST /user/ - Duplicate entry '1150262101' for key 'usuario.identificacion_UNIQUE'
2025-01-11T07:40:51.884Z [INFO]: Servidor corriendo en el puerto 3301
2025-01-11T07:40:54.160Z [INFO]: Servidor corriendo en el puerto 3301
2025-01-11T07:40:58.550Z [INFO]: Servidor corriendo en el puerto 3301
2025-01-11T07:41:06.329Z [INFO]: Servidor corriendo en el puerto 3301
2025-01-11T07:41:13.357Z [INFO]: Servidor corriendo en el puerto 3301
2025-01-11T07:41:15.756Z [INFO]: Servidor corriendo en el puerto 3301
2025-01-11T07:41:19.114Z [INFO]: Servidor corriendo en el puerto 3301
2025-01-11T07:41:29.373Z [INFO]: Servidor corriendo en el puerto 3301
2025-01-11T07:41:34.186Z [INFO]: Servidor corriendo en el puerto 3301
2025-01-11T07:41:36.707Z [INFO]: Servidor corriendo en el puerto 3301
2025-01-11T07:41:41.570Z [INFO]: Servidor corriendo en el puerto 3301
2025-01-11T07:43:20.428Z [INFO]: Servidor corriendo en el puerto 3301
2025-01-11T07:43:24.163Z [INFO]: Servidor corriendo en el puerto 3301
2025-01-11T07:43:33.948Z [INFO]: Servidor corriendo en el puerto 3301
2025-01-11T07:43:36.273Z [INFO]: Servidor corriendo en el puerto 3301
2025-01-11T07:43:48.728Z [ERROR]: Error al crear usuario: Duplicate entry '1150262101' for key 'usuario.identificacion_UNIQUE'
2025-01-11T07:43:48.729Z [ERROR]: POST /user/ - Duplicate entry '1150262101' for key 'usuario.identificacion_UNIQUE'
2025-01-11T07:43:51.683Z [ERROR]: Error al crear usuario: Duplicate entry '1150262101' for key 'usuario.identificacion_UNIQUE'
2025-01-11T07:43:51.684Z [ERROR]: POST /user/ - Duplicate entry '1150262101' for key 'usuario.identificacion_UNIQUE'
2025-01-11T07:43:52.954Z [ERROR]: Error al crear usuario: Duplicate entry '1150262101' for key 'usuario.identificacion_UNIQUE'
2025-01-11T07:43:52.954Z [ERROR]: POST /user/ - Duplicate entry '1150262101' for key 'usuario.identificacion_UNIQUE'
2025-01-11T07:47:35.085Z [INFO]: Servidor corriendo en el puerto 3301
2025-01-11T07:47:37.266Z [INFO]: Servidor corriendo en el puerto 3301
2025-01-11T07:47:38.981Z [INFO]: Servidor corriendo en el puerto 3301
2025-01-11T07:47:40.088Z [INFO]: Servidor corriendo en el puerto 3301
2025-01-11T07:47:41.352Z [INFO]: Servidor corriendo en el puerto 3301
2025-01-11T07:47:42.613Z [INFO]: Servidor corriendo en el puerto 3301
2025-01-11T07:48:57.585Z [INFO]: Servidor corriendo en el puerto 3301
2025-01-11T07:49:03.268Z [INFO]: Servidor corriendo en el puerto 3301
2025-01-11T07:49:24.848Z [INFO]: Servidor corriendo en el puerto 3301
2025-01-11T07:49:27.173Z [INFO]: Servidor corriendo en el puerto 3301
2025-01-11T07:49:29.319Z [INFO]: Servidor corriendo en el puerto 3301
2025-01-11T07:49:34.005Z [INFO]: Servidor corriendo en el puerto 3301
2025-01-11T07:49:36.248Z [INFO]: Servidor corriendo en el puerto 3301
2025-01-11T07:49:38.319Z [INFO]: Servidor corriendo en el puerto 3301
2025-01-11T08:14:07.580Z [INFO]: Servidor corriendo en el puerto 3301
2025-01-11T08:14:42.269Z [INFO]: Servidor corriendo en el puerto 3301
2025-01-11T08:14:57.016Z [INFO]: Servidor corriendo en el puerto 3301
2025-01-11T08:15:14.535Z [INFO]: Servidor corriendo en el puerto 3301
2025-01-11T08:15:46.365Z [INFO]: Servidor corriendo en el puerto 3301
2025-01-11T08:16:05.200Z [INFO]: Servidor corriendo en el puerto 3301
2025-01-11T08:16:31.923Z [INFO]: Servidor corriendo en el puerto 3301
2025-01-11T08:16:58.379Z [INFO]: Servidor corriendo en el puerto 3301
2025-01-11T08:17:03.734Z [INFO]: Servidor corriendo en el puerto 3301
2025-01-11T08:17:04.891Z [INFO]: Servidor corriendo en el puerto 3301
2025-01-11T08:17:27.753Z [INFO]: Servidor corriendo en el puerto 3301
2025-01-11T08:17:50.424Z [INFO]: Servidor corriendo en el puerto 3301
2025-01-11T08:18:10.882Z [INFO]: Servidor corriendo en el puerto 3301
2025-01-11T08:21:48.834Z [INFO]: Servidor corriendo en el puerto 3301
2025-01-11T08:21:50.851Z [INFO]: Servidor corriendo en el puerto 3301
2025-01-11T08:21:54.742Z [INFO]: Servidor corriendo en el puerto 3301
2025-01-11T08:22:11.311Z [INFO]: Servidor corriendo en el puerto 3301
2025-01-11T08:22:16.276Z [INFO]: Servidor corriendo en el puerto 3301
2025-01-11T08:23:31.493Z [INFO]: Servidor corriendo en el puerto 3301
2025-01-11T08:30:43.927Z [INFO]: Servidor corriendo en el puerto 3301
2025-01-11T08:33:53.249Z [INFO]: Obtenido usuario con idUsuario: 1
2025-01-11T08:33:53.826Z [INFO]: Obtenido usuario con idUsuario: 1
2025-01-11T08:33:54.293Z [INFO]: Obtenido usuario con idUsuario: 2
2025-01-11T08:33:54.468Z [INFO]: Obtenido usuario con idUsuario: 2
2025-01-11T08:33:56.377Z [INFO]: Obtenido usuario con idUsuario: 9
2025-01-11T08:33:57.520Z [INFO]: Obtenido usuario con idUsuario: 1
2025-01-11T08:33:57.711Z [INFO]: Obtenido usuario con idUsuario: 1
2025-01-11T08:33:57.899Z [INFO]: Obtenido usuario con idUsuario: 1
